<?xml version="1.0" encoding="UTF-8"?>
<!-- Generated by org.testng.reporters.JUnitReportReporter -->
<testsuite hostname="LAPTOP-CNG635MQ" failures="0" tests="1" name="com.appium.two.app.MobileBrowserTest" time="8.911" errors="0" timestamp="2024-01-05T16:03:04 IST" skipped="0">
  <testcase classname="com.appium.two.app.MobileBrowserTest" name="broserTest" time="8.911"/>
  <system-out/>
</testsuite> <!-- com.appium.two.app.MobileBrowserTest -->
