<?xml version="1.0" encoding="UTF-8"?>
<!-- Generated by org.testng.reporters.JUnitReportReporter -->
<testsuite skipped="0" hostname="192.168.1.4" name="testcases.TestParallel" tests="2" failures="0" timestamp="13 Jun 2022 12:10:01 GMT" time="46.719" errors="0">
  <testcase name="launchBrowser" time="29.108" classname="testcases.TestParallel"/>
  <testcase name="launchBrowser" time="17.611" classname="testcases.TestParallel"/>
</testsuite> <!-- testcases.TestParallel -->
